# JRE version: OpenJDK Runtime Environment Temurin-21.0.12.1+1 (21.0.12.1+1) (build 21.0.12.1+1-LTS)
# Java VM: OpenJDK 64-Bit Server VM Temurin-21.0.12.1+1 (21.0.12.1+1-LTS, mixed mode, sharing, tiered, compressed oops, compressed class ptrs, parallel gc, windows-amd64)
GC Precious Log:
 CardTable entry size: 512
 CPUs: 4 total, 4 available
 Memory: 3970M
 Large Page Support: Disabled
 NUMA Support: Disabled
 Compressed Oops: Enabled (Zero based)
 Alignments: Space 512K, Generation 512K, Heap 2M
 Heap Min Capacity: 100M
 Heap Initial Capacity: 100M
 Heap Max Capacity: 4G
 Pre-touch: Disabled
 Parallel Workers: 4
Heap:
 PSYoungGen      total 4608K, used 3818K [0x00000007aab00000, 0x00000007ab100000, 0x0000000800000000)
  eden space 3584K, 93% used [0x00000007aab00000,0x00000007aae428c0,0x00000007aae80000)
  from space 1024K, 46% used [0x00000007aaf00000,0x00000007aaf78000,0x00000007ab000000)
  to   space 512K, 0% used [0x00000007ab080000,0x00000007ab080000,0x00000007ab100000)
 ParOldGen       total 1429504K, used 1429099K [0x0000000700000000, 0x0000000757400000, 0x00000007aab00000)
  object space 1429504K, 99% used [0x0000000700000000,0x000000075739ade0,0x0000000757400000)
 Metaspace       used 100025K, committed 101888K, reserved 1179648K
  class space    used 9946K, committed 10816K, reserved 1048576K
GC Heap History (20 events):
Event: 10902.180 GC heap before
{Heap before GC invocations=7241 (full 8):
 PSYoungGen      total 5120K, used 4525K [0x00000007aab00000, 0x00000007ab200000, 0x0000000800000000)
  eden space 3584K, 100% used [0x00000007aab00000,0x00000007aae80000,0x00000007aae80000)
  from space 1536K, 61% used [0x00000007aaf00000,0x00000007aafeb7f0,0x00000007ab080000)
  to   space 1024K, 0% used [0x00000007ab100000,0x00000007ab100000,0x00000007ab200000)
 ParOldGen       total 1426944K, used 1426693K [0x0000000700000000, 0x0000000757180000, 0x00000007aab00000)
  object space 1426944K, 99% used [0x0000000700000000,0x00000007571415f0,0x0000000757180000)
 Metaspace       used 100021K, committed 101888K, reserved 1179648K
  class space    used 9946K, committed 10816K, reserved 1048576K
}
Event: 10902.188 GC heap after
{Heap after GC invocations=7241 (full 8):
 PSYoungGen      total 4096K, used 128K [0x00000007aab00000, 0x00000007ab180000, 0x0000000800000000)
  eden space 3584K, 0% used [0x00000007aab00000,0x00000007aab00000,0x00000007aae80000)
  from space 512K, 25% used [0x00000007ab100000,0x00000007ab120000,0x00000007ab180000)
  to   space 512K, 0% used [0x00000007ab080000,0x00000007ab080000,0x00000007ab100000)
 ParOldGen       total 1427456K, used 1427154K [0x0000000700000000, 0x0000000757200000, 0x00000007aab00000)
  object space 1427456K, 99% used [0x0000000700000000,0x00000007571b4a70,0x0000000757200000)
 Metaspace       used 100021K, committed 101888K, reserved 1179648K
  class space    used 9946K, committed 10816K, reserved 1048576K
}
Event: 10902.762 GC heap before
{Heap before GC invocations=7242 (full 8):
 PSYoungGen      total 4096K, used 3712K [0x00000007aab00000, 0x00000007ab180000, 0x0000000800000000)
  eden space 3584K, 100% used [0x00000007aab00000,0x00000007aae80000,0x00000007aae80000)
  from space 512K, 25% used [0x00000007ab100000,0x00000007ab120000,0x00000007ab180000)
  to   space 512K, 0% used [0x00000007ab080000,0x00000007ab080000,0x00000007ab100000)
 ParOldGen       total 1427456K, used 1427154K [0x0000000700000000, 0x0000000757200000, 0x00000007aab00000)
  object space 1427456K, 99% used [0x0000000700000000,0x00000007571b4a70,0x0000000757200000)
 Metaspace       used 100021K, committed 101888K, reserved 1179648K
  class space    used 9946K, committed 10816K, reserved 1048576K
}
Event: 10902.769 GC heap after
{Heap after GC invocations=7242 (full 8):
 PSYoungGen      total 4096K, used 128K [0x00000007aab00000, 0x00000007ab180000, 0x0000000800000000)
  eden space 3584K, 0% used [0x00000007aab00000,0x00000007aab00000,0x00000007aae80000)
  from space 512K, 25% used [0x00000007ab080000,0x00000007ab0a0000,0x00000007ab100000)
  to   space 512K, 0% used [0x00000007ab100000,0x00000007ab100000,0x00000007ab180000)
 ParOldGen       total 1427456K, used 1427178K [0x0000000700000000, 0x0000000757200000, 0x00000007aab00000)
  object space 1427456K, 99% used [0x0000000700000000,0x00000007571baa70,0x0000000757200000)
 Metaspace       used 100021K, committed 101888K, reserved 1179648K
  class space    used 9946K, committed 10816K, reserved 1048576K
}
Event: 10902.797 GC heap before
{Heap before GC invocations=7243 (full 8):
 PSYoungGen      total 4096K, used 3712K [0x00000007aab00000, 0x00000007ab180000, 0x0000000800000000)
  eden space 3584K, 100% used [0x00000007aab00000,0x00000007aae80000,0x00000007aae80000)
  from space 512K, 25% used [0x00000007ab080000,0x00000007ab0a0000,0x00000007ab100000)
  to   space 512K, 0% used [0x00000007ab100000,0x00000007ab100000,0x00000007ab180000)
 ParOldGen       total 1427456K, used 1427178K [0x0000000700000000, 0x0000000757200000, 0x00000007aab00000)
  object space 1427456K, 99% used [0x0000000700000000,0x00000007571baa70,0x0000000757200000)
 Metaspace       used 100021K, committed 101888K, reserved 1179648K
  class space    used 9946K, committed 10816K, reserved 1048576K
}
Event: 10902.802 GC heap after
{Heap after GC invocations=7243 (full 8):
 PSYoungGen      total 4096K, used 512K [0x00000007aab00000, 0x00000007ab180000, 0x0000000800000000)
  eden space 3584K, 0% used [0x00000007aab00000,0x00000007aab00000,0x00000007aae80000)
  from space 512K, 100% used [0x00000007ab100000,0x00000007ab180000,0x00000007ab180000)
  to   space 1024K, 0% used [0x00000007aaf80000,0x00000007aaf80000,0x00000007ab080000)
 ParOldGen       total 1427456K, used 1427225K [0x0000000700000000, 0x0000000757200000, 0x00000007aab00000)
  object space 1427456K, 99% used [0x0000000700000000,0x00000007571c64b0,0x0000000757200000)
 Metaspace       used 100021K, committed 101888K, reserved 1179648K
  class space    used 9946K, committed 10816K, reserved 1048576K
}
Event: 10902.961 GC heap before
{Heap before GC invocations=7244 (full 8):
 PSYoungGen      total 4096K, used 4096K [0x00000007aab00000, 0x00000007ab180000, 0x0000000800000000)
  eden space 3584K, 100% used [0x00000007aab00000,0x00000007aae80000,0x00000007aae80000)
  from space 512K, 100% used [0x00000007ab100000,0x00000007ab180000,0x00000007ab180000)
  to   space 1024K, 0% used [0x00000007aaf80000,0x00000007aaf80000,0x00000007ab080000)
 ParOldGen       total 1427456K, used 1427225K [0x0000000700000000, 0x0000000757200000, 0x00000007aab00000)
  object space 1427456K, 99% used [0x0000000700000000,0x00000007571c64b0,0x0000000757200000)
 Metaspace       used 100021K, committed 101888K, reserved 1179648K
  class space    used 9946K, committed 10816K, reserved 1048576K
}
Event: 10902.975 GC heap after
{Heap after GC invocations=7244 (full 8):
 PSYoungGen      total 4608K, used 640K [0x00000007aab00000, 0x00000007ab180000, 0x0000000800000000)
  eden space 3584K, 0% used [0x00000007aab00000,0x00000007aab00000,0x00000007aae80000)
  from space 1024K, 62% used [0x00000007aaf80000,0x00000007ab020000,0x00000007ab080000)
  to   space 1024K, 0% used [0x00000007ab080000,0x00000007ab080000,0x00000007ab180000)
 ParOldGen       total 1427968K, used 1427673K [0x0000000700000000, 0x0000000757280000, 0x00000007aab00000)
  object space 1427968K, 99% used [0x0000000700000000,0x00000007572364c0,0x0000000757280000)
 Metaspace       used 100021K, committed 101888K, reserved 1179648K
  class space    used 9946K, committed 10816K, reserved 1048576K
}
Event: 10903.225 GC heap before
{Heap before GC invocations=7245 (full 8):
 PSYoungGen      total 4608K, used 4224K [0x00000007aab00000, 0x00000007ab180000, 0x0000000800000000)
  eden space 3584K, 100% used [0x00000007aab00000,0x00000007aae80000,0x00000007aae80000)
  from space 1024K, 62% used [0x00000007aaf80000,0x00000007ab020000,0x00000007ab080000)
  to   space 1024K, 0% used [0x00000007ab080000,0x00000007ab080000,0x00000007ab180000)
 ParOldGen       total 1427968K, used 1427673K [0x0000000700000000, 0x0000000757280000, 0x00000007aab00000)
  object space 1427968K, 99% used [0x0000000700000000,0x00000007572364c0,0x0000000757280000)
 Metaspace       used 100024K, committed 101888K, reserved 1179648K
  class space    used 9946K, committed 10816K, reserved 1048576K
}
Event: 10903.245 GC heap after
{Heap after GC invocations=7245 (full 8):
 PSYoungGen      total 4608K, used 752K [0x00000007aab00000, 0x00000007ab180000, 0x0000000800000000)
  eden space 3584K, 0% used [0x00000007aab00000,0x00000007aab00000,0x00000007aae80000)
  from space 1024K, 73% used [0x00000007ab080000,0x00000007ab13c010,0x00000007ab180000)
  to   space 1024K, 0% used [0x00000007aaf80000,0x00000007aaf80000,0x00000007ab080000)
 ParOldGen       total 1428480K, used 1428214K [0x0000000700000000, 0x0000000757300000, 0x00000007aab00000)
  object space 1428480K, 99% used [0x0000000700000000,0x00000007572bd940,0x0000000757300000)
 Metaspace       used 100024K, committed 101888K, reserved 1179648K
  class space    used 9946K, committed 10816K, reserved 1048576K
}
Event: 10905.104 GC heap before
{Heap before GC invocations=7246 (full 8):
 PSYoungGen      total 4608K, used 4336K [0x00000007aab00000, 0x00000007ab180000, 0x0000000800000000)
  eden space 3584K, 100% used [0x00000007aab00000,0x00000007aae80000,0x00000007aae80000)
  from space 1024K, 73% used [0x00000007ab080000,0x00000007ab13c010,0x00000007ab180000)
  to   space 1024K, 0% used [0x00000007aaf80000,0x00000007aaf80000,0x00000007ab080000)
 ParOldGen       total 1428480K, used 1428214K [0x0000000700000000, 0x0000000757300000, 0x00000007aab00000)
  object space 1428480K, 99% used [0x0000000700000000,0x00000007572bd940,0x0000000757300000)
 Metaspace       used 100024K, committed 101888K, reserved 1179648K
  class space    used 9946K, committed 10816K, reserved 1048576K
}
Event: 10905.114 GC heap after
{Heap after GC invocations=7246 (full 8):
 PSYoungGen      total 4608K, used 128K [0x00000007aab00000, 0x00000007ab100000, 0x0000000800000000)
  eden space 3584K, 0% used [0x00000007aab00000,0x00000007aab00000,0x00000007aae80000)
  from space 1024K, 12% used [0x00000007aaf80000,0x00000007aafa0000,0x00000007ab080000)
  to   space 512K, 0% used [0x00000007ab080000,0x00000007ab080000,0x00000007ab100000)
 ParOldGen       total 1428992K, used 1428636K [0x0000000700000000, 0x0000000757380000, 0x00000007aab00000)
  object space 1428992K, 99% used [0x0000000700000000,0x0000000757327390,0x0000000757380000)
 Metaspace       used 100024K, committed 101888K, reserved 1179648K
  class space    used 9946K, committed 10816K, reserved 1048576K
}
Event: 10905.364 GC heap before
{Heap before GC invocations=7247 (full 8):
 PSYoungGen      total 4608K, used 3712K [0x00000007aab00000, 0x00000007ab100000, 0x0000000800000000)
  eden space 3584K, 100% used [0x00000007aab00000,0x00000007aae80000,0x00000007aae80000)
  from space 1024K, 12% used [0x00000007aaf80000,0x00000007aafa0000,0x00000007ab080000)
  to   space 512K, 0% used [0x00000007ab080000,0x00000007ab080000,0x00000007ab100000)
 ParOldGen       total 1428992K, used 1428636K [0x0000000700000000, 0x0000000757380000, 0x00000007aab00000)
  object space 1428992K, 99% used [0x0000000700000000,0x0000000757327390,0x0000000757380000)
 Metaspace       used 100025K, committed 101888K, reserved 1179648K
  class space    used 9946K, committed 10816K, reserved 1048576K
}
Event: 10905.369 GC heap after
{Heap after GC invocations=7247 (full 8):
 PSYoungGen      total 4096K, used 128K [0x00000007aab00000, 0x00000007ab100000, 0x0000000800000000)
  eden space 3584K, 0% used [0x00000007aab00000,0x00000007aab00000,0x00000007aae80000)
  from space 512K, 25% used [0x00000007ab080000,0x00000007ab0a0000,0x00000007ab100000)
  to   space 512K, 0% used [0x00000007ab000000,0x00000007ab000000,0x00000007ab080000)
 ParOldGen       total 1428992K, used 1428660K [0x0000000700000000, 0x0000000757380000, 0x00000007aab00000)
  object space 1428992K, 99% used [0x0000000700000000,0x000000075732d390,0x0000000757380000)
 Metaspace       used 100025K, committed 101888K, reserved 1179648K
  class space    used 9946K, committed 10816K, reserved 1048576K
}
Event: 10905.385 GC heap before
{Heap before GC invocations=7248 (full 8):
 PSYoungGen      total 4096K, used 3712K [0x00000007aab00000, 0x00000007ab100000, 0x0000000800000000)
  eden space 3584K, 100% used [0x00000007aab00000,0x00000007aae80000,0x00000007aae80000)
  from space 512K, 25% used [0x00000007ab080000,0x00000007ab0a0000,0x00000007ab100000)
  to   space 512K, 0% used [0x00000007ab000000,0x00000007ab000000,0x00000007ab080000)
 ParOldGen       total 1428992K, used 1428660K [0x0000000700000000, 0x0000000757380000, 0x00000007aab00000)
  object space 1428992K, 99% used [0x0000000700000000,0x000000075732d390,0x0000000757380000)
 Metaspace       used 100025K, committed 101888K, reserved 1179648K
  class space    used 9946K, committed 10816K, reserved 1048576K
}
Event: 10905.403 GC heap after
{Heap after GC invocations=7248 (full 8):
 PSYoungGen      total 4096K, used 288K [0x00000007aab00000, 0x00000007ab100000, 0x0000000800000000)
  eden space 3584K, 0% used [0x00000007aab00000,0x00000007aab00000,0x00000007aae80000)
  from space 512K, 56% used [0x00000007ab000000,0x00000007ab048000,0x00000007ab080000)
  to   space 512K, 0% used [0x00000007ab080000,0x00000007ab080000,0x00000007ab100000)
 ParOldGen       total 1428992K, used 1428684K [0x0000000700000000, 0x0000000757380000, 0x00000007aab00000)
  object space 1428992K, 99% used [0x0000000700000000,0x0000000757333390,0x0000000757380000)
 Metaspace       used 100025K, committed 101888K, reserved 1179648K
  class space    used 9946K, committed 10816K, reserved 1048576K
}
Event: 10905.424 GC heap before
{Heap before GC invocations=7249 (full 8):
 PSYoungGen      total 4096K, used 3872K [0x00000007aab00000, 0x00000007ab100000, 0x0000000800000000)
  eden space 3584K, 100% used [0x00000007aab00000,0x00000007aae80000,0x00000007aae80000)
  from space 512K, 56% used [0x00000007ab000000,0x00000007ab048000,0x00000007ab080000)
  to   space 512K, 0% used [0x00000007ab080000,0x00000007ab080000,0x00000007ab100000)
 ParOldGen       total 1428992K, used 1428684K [0x0000000700000000, 0x0000000757380000, 0x00000007aab00000)
  object space 1428992K, 99% used [0x0000000700000000,0x0000000757333390,0x0000000757380000)
 Metaspace       used 100025K, committed 101888K, reserved 1179648K
  class space    used 9946K, committed 10816K, reserved 1048576K
}
Event: 10905.429 GC heap after
{Heap after GC invocations=7249 (full 8):
 PSYoungGen      total 4096K, used 496K [0x00000007aab00000, 0x00000007ab100000, 0x0000000800000000)
  eden space 3584K, 0% used [0x00000007aab00000,0x00000007aab00000,0x00000007aae80000)
  from space 512K, 96% used [0x00000007ab080000,0x00000007ab0fc010,0x00000007ab100000)
  to   space 1024K, 0% used [0x00000007aaf00000,0x00000007aaf00000,0x00000007ab000000)
 ParOldGen       total 1428992K, used 1428747K [0x0000000700000000, 0x0000000757380000, 0x00000007aab00000)
  object space 1428992K, 99% used [0x0000000700000000,0x0000000757342dd0,0x0000000757380000)
 Metaspace       used 100025K, committed 101888K, reserved 1179648K
  class space    used 9946K, committed 10816K, reserved 1048576K
}
Event: 10905.625 GC heap before
{Heap before GC invocations=7250 (full 8):
 PSYoungGen      total 4096K, used 4080K [0x00000007aab00000, 0x00000007ab100000, 0x0000000800000000)
  eden space 3584K, 100% used [0x00000007aab00000,0x00000007aae80000,0x00000007aae80000)
  from space 512K, 96% used [0x00000007ab080000,0x00000007ab0fc010,0x00000007ab100000)
  to   space 1024K, 0% used [0x00000007aaf00000,0x00000007aaf00000,0x00000007ab000000)
 ParOldGen       total 1428992K, used 1428747K [0x0000000700000000, 0x0000000757380000, 0x00000007aab00000)
  object space 1428992K, 99% used [0x0000000700000000,0x0000000757342dd0,0x0000000757380000)
 Metaspace       used 100025K, committed 101888K, reserved 1179648K
  class space    used 9946K, committed 10816K, reserved 1048576K
}
Event: 10905.635 GC heap after
{Heap after GC invocations=7250 (full 8):
 PSYoungGen      total 4608K, used 480K [0x00000007aab00000, 0x00000007ab100000, 0x0000000800000000)
  eden space 3584K, 0% used [0x00000007aab00000,0x00000007aab00000,0x00000007aae80000)
  from space 1024K, 46% used [0x00000007aaf00000,0x00000007aaf78000,0x00000007ab000000)
  to   space 512K, 0% used [0x00000007ab080000,0x00000007ab080000,0x00000007ab100000)
 ParOldGen       total 1429504K, used 1429099K [0x0000000700000000, 0x0000000757400000, 0x00000007aab00000)
  object space 1429504K, 99% used [0x0000000700000000,0x000000075739ade0,0x0000000757400000)
 Metaspace       used 100025K, committed 101888K, reserved 1179648K
  class space    used 9946K, committed 10816K, reserved 1048576K
}

